<?xml version="1.0" encoding="UTF-8"?>
<!-- Generated by org.testng.reporters.JUnitReportReporter -->
<testsuite hostname="AbyaanShabeer" failures="0" tests="1" name="test.HomeTestCase" time="28.255" errors="0" timestamp="15 Jun 2021 10:43:10 GMT" skipped="0">
  <testcase classname="test.HomeTestCase" name="searchMenuItems" time="28.255"/>
</testsuite> <!-- test.HomeTestCase -->
