<?xml version="1.0" encoding="UTF-8"?>
<!-- Generated by org.testng.reporters.JUnitReportReporter -->
<testsuite hostname="AbyaanShabeer" failures="0" tests="1" name="test.ClientPageTestCase" time="40.495" errors="0" timestamp="01 Jul 2021 18:48:47 GMT" skipped="0">
  <testcase classname="test.ClientPageTestCase" name="clientsearch" time="40.495"/>
</testsuite> <!-- test.ClientPageTestCase -->
