<?xml version="1.0" encoding="UTF-8"?>
<!-- Generated by org.testng.reporters.JUnitReportReporter -->
<testsuite hostname="AbyaanShabeer" failures="0" tests="1" name="test.AppSetup" time="19.950" errors="0" timestamp="17 Jun 2021 18:11:08 GMT" skipped="0">
  <testcase classname="test.AppSetup" name="test" time="19.950"/>
</testsuite> <!-- test.AppSetup -->
