<?xml version="1.0" encoding="UTF-8"?>
<!-- Generated by org.testng.reporters.JUnitReportReporter -->
<testsuite hostname="AbyaanShabeer" failures="0" tests="1" name="test.BugPageTestCase" time="0.000" errors="0" timestamp="28 Jun 2021 19:34:53 GMT" skipped="1">
  <testcase classname="test.BugPageTestCase" name="createNewBug" time="0.000">
    <skipped/>
  </testcase> <!-- createNewBug -->
</testsuite> <!-- test.BugPageTestCase -->
