<?xml version="1.0" encoding="UTF-8"?>
<!-- Generated by org.testng.reporters.JUnitReportReporter -->
<testsuite hostname="AbyaanShabeer" failures="0" tests="3" name="test.LoginTestCase" time="65.612" errors="0" timestamp="14 Jun 2021 04:10:36 GMT" skipped="0">
  <testcase classname="test.LoginTestCase" name="deleteuser" time="26.361"/>
  <testcase classname="test.LoginTestCase" name="userTest" time="17.132"/>
  <testcase classname="test.LoginTestCase" name="searchMenuItems" time="22.119"/>
</testsuite> <!-- test.LoginTestCase -->
