<?xml version="1.0" encoding="UTF-8"?>
<!-- Generated by org.testng.reporters.JUnitReportReporter -->
<testsuite hostname="AbyaanShabeer" failures="0" tests="2" name="test.LoginTestCase" time="47.787" errors="0" timestamp="13 Jun 2021 19:06:14 GMT" skipped="0">
  <testcase classname="test.LoginTestCase" name="userTest" time="20.934"/>
  <testcase classname="test.LoginTestCase" name="deleteuser" time="26.853"/>
</testsuite> <!-- test.LoginTestCase -->
