<?xml version="1.0" encoding="UTF-8"?>
<!-- Generated by org.testng.reporters.JUnitReportReporter -->
<testsuite hostname="AbyaanShabeer" failures="0" tests="1" name="test.ClientPageTestCase" time="122.620" errors="0" timestamp="15 Jun 2021 19:32:13 GMT" skipped="0">
  <testcase classname="test.ClientPageTestCase" name="clientsearch" time="122.620"/>
</testsuite> <!-- test.ClientPageTestCase -->
