<?xml version="1.0" encoding="UTF-8"?>
<!-- Generated by org.testng.reporters.JUnitReportReporter -->
<testsuite hostname="AbyaanShabeer" failures="0" tests="1" name="test.ClientPageTestCase" time="134.421" errors="0" timestamp="28 Jun 2021 19:34:53 GMT" skipped="0">
  <testcase classname="test.ClientPageTestCase" name="clientsearch" time="134.421"/>
</testsuite> <!-- test.ClientPageTestCase -->
