<?xml version="1.0" encoding="UTF-8"?>
<!-- Generated by org.testng.reporters.JUnitReportReporter -->
<testsuite hostname="AbyaanShabeer" failures="0" tests="1" name="test.LoginTestCase" time="55.113" errors="0" timestamp="14 Jun 2021 19:25:00 GMT" skipped="0">
  <testcase classname="test.LoginTestCase" name="clientsearch" time="55.113"/>
</testsuite> <!-- test.LoginTestCase -->
