<?xml version="1.0" encoding="UTF-8"?>
<!-- Generated by org.testng.reporters.JUnitReportReporter -->
<testsuite hostname="AbyaanShabeer" failures="0" tests="1" name="test.ClientPageTestCase" time="2.783" errors="0" timestamp="15 Jun 2021 11:00:43 GMT" skipped="0">
  <testcase classname="test.ClientPageTestCase" name="clientsearch" time="2.783"/>
</testsuite> <!-- test.ClientPageTestCase -->
