<?xml version="1.0" encoding="UTF-8"?>
<!-- Generated by org.testng.reporters.JUnitReportReporter -->
<testsuite hostname="AbyaanShabeer" failures="0" tests="1" name="test.ClientPageTestCase" time="28.713" errors="0" timestamp="16 Jun 2021 03:15:50 GMT" skipped="0">
  <testcase classname="test.ClientPageTestCase" name="clientsearch" time="28.713"/>
</testsuite> <!-- test.ClientPageTestCase -->
